<?xml version="1.0" encoding="UTF-8"?>
<!-- Generated by org.testng.reporters.JUnitReportReporter -->
<testsuite hostname="onebill-VPCSE17GG" failures="0" tests="2" name="Logging.two" time="6.931" errors="0" timestamp="2021-07-21T14:05:02 IST" skipped="0">
  <testcase classname="Logging.two" name="login" time="6.314"/>
  <system-out/>
  <testcase classname="Logging.two" name="some" time="0.617"/>
  <system-out/>
</testsuite> <!-- Logging.two -->
