<?xml version="1.0" encoding="UTF-8"?>
<!-- Generated by org.testng.reporters.JUnitReportReporter -->
<testsuite hostname="onebill-VPCSE17GG" failures="0" tests="1" name="XML.login" time="4.838" errors="0" timestamp="2021-07-21T18:27:49 IST" skipped="0">
  <testcase classname="XML.login" name="login" time="4.838"/>
  <system-out/>
</testsuite> <!-- XML.login -->
