<?xml version="1.0" encoding="UTF-8"?>
<!-- Generated by org.testng.reporters.JUnitReportReporter -->
<testsuite hostname="onebill-VPCSE17GG" failures="0" tests="1" name="Generic.Base" time="83.334" errors="0" timestamp="2021-07-20T12:29:03 IST" skipped="0">
  <testcase classname="Generic.Base" name="account" time="83.334"/>
  <system-out>
    <![CDATA[AccountsPage is Displayed
NewAccount Pop up is Displayed]]>
  </system-out>
</testsuite> <!-- Generic.Base -->
