<?xml version="1.0" encoding="UTF-8"?>
<!-- Generated by org.testng.reporters.JUnitReportReporter -->
<testsuite hostname="onebill-VPCSE17GG" failures="0" tests="1" name="Accounts.TestScript_parameter" time="72.272" errors="0" timestamp="2021-07-23T17:24:29 IST" skipped="0">
  <testcase classname="Accounts.TestScript_parameter" name="createAccount" time="72.272"/>
  <system-out>
    <![CDATA[App Launcher POP-UP is Displayed
AccountsPage is Displayed
NewAccount Pop up is Displayed
1
12
13
14
15
16
17
New Account is Created Succesfully]]>
  </system-out>
</testsuite> <!-- Accounts.TestScript_parameter -->
