<?xml version="1.0" encoding="UTF-8"?>
<!-- Generated by org.testng.reporters.JUnitReportReporter -->
<testsuite hostname="onebill-VPCSE17GG" failures="0" tests="1" name="testing.tt" time="0.013" errors="0" timestamp="2021-07-22T15:25:47 IST" skipped="0">
  <testcase classname="testing.tt" name="some" time="0.013"/>
  <system-out/>
</testsuite> <!-- testing.tt -->
