<?xml version="1.0" encoding="UTF-8"?>
<!-- Generated by org.testng.reporters.JUnitReportReporter -->
<testsuite hostname="onebill-VPCSE17GG" failures="0" tests="1" name="testing.ee" time="0.021" errors="0" timestamp="2021-07-22T15:17:48 IST" skipped="0">
  <testcase classname="testing.ee" name="open" time="0.021"/>
  <system-out>
    <![CDATA["params" value ]]>
  </system-out>
</testsuite> <!-- testing.ee -->
