<?xml version="1.0" encoding="UTF-8"?>
<!-- Generated by org.testng.reporters.JUnitReportReporter -->
<testsuite hostname="onebill-VPCSE17GG" failures="0" tests="1" name="Accounts.ff" time="93.882" errors="0" timestamp="2021-07-21T14:37:42 IST" skipped="0">
  <testcase classname="Accounts.ff" name="open" time="93.882"/>
  <system-out>
    <![CDATA[App Launcher POP-UP is Displayed
AccountsPage is Displayed
NewAccount Pop up is Displayed]]>
  </system-out>
</testsuite> <!-- Accounts.ff -->
