<?xml version="1.0" encoding="UTF-8"?>
<!-- Generated by org.testng.reporters.JUnitReportReporter -->
<testsuite hostname="onebill-VPCSE17GG" failures="0" tests="1" name="Logging.Login" time="7.065" errors="0" timestamp="2021-07-21T14:05:02 IST" skipped="0">
  <testcase classname="Logging.Login" name="login" time="7.065"/>
  <system-out/>
</testsuite> <!-- Logging.Login -->
