<?xml version="1.0" encoding="UTF-8"?>
<!-- Generated by org.testng.reporters.JUnitReportReporter -->
<testsuite hostname="onebill-VPCSE17GG" failures="0" tests="1" name="Accounts.ts" time="92.285" errors="0" timestamp="2021-07-21T14:26:07 IST" skipped="0">
  <testcase classname="Accounts.ts" name="open" time="92.285"/>
  <system-out>
    <![CDATA[App Launcher POP-UP is Displayed
AccountsPage is Displayed]]>
  </system-out>
</testsuite> <!-- Accounts.ts -->
