<?xml version="1.0" encoding="UTF-8"?>
<!-- Generated by org.testng.reporters.JUnitReportReporter -->
<testsuite hostname="onebill-VPCSE17GG" failures="0" tests="1" name="sample.TestScript_01" time="49.040" errors="0" timestamp="2021-07-20T11:16:45 IST" skipped="0">
  <testcase classname="sample.TestScript_01" name="open" time="49.040"/>
  <system-out/>
</testsuite> <!-- sample.TestScript_01 -->
